Analysis & Synthesis report for mcu
Wed May 17 14:33:10 2023
Quartus II 64-Bit Version 13.1.0 Build 162 10/23/2013 SJ Web Edition


---------------------
; Table of Contents ;
---------------------
  1. Legal Notice
  2. Analysis & Synthesis Summary
  3. Analysis & Synthesis Settings
  4. Parallel Compilation
  5. Analysis & Synthesis Source Files Read
  6. Analysis & Synthesis Resource Usage Summary
  7. Analysis & Synthesis Resource Utilization by Entity
  8. Registers Removed During Synthesis
  9. General Register Statistics
 10. Multiplexer Restructuring Statistics (Restructuring Performed)
 11. Port Connectivity Checks: "seven_segment:s3"
 12. Port Connectivity Checks: "seven_segment:s1"
 13. Port Connectivity Checks: "timer_h:t1|ten_digit:hour_ten"
 14. Port Connectivity Checks: "timer_h:t1|unit_digit:min_unit"
 15. Elapsed Time Per Partition
 16. Analysis & Synthesis Messages



----------------
; Legal Notice ;
----------------
Copyright (C) 1991-2013 Altera Corporation
Your use of Altera Corporation's design tools, logic functions 
and other software and tools, and its AMPP partner logic 
functions, and any output files from any of the foregoing 
(including device programming or simulation files), and any 
associated documentation or information are expressly subject 
to the terms and conditions of the Altera Program License 
Subscription Agreement, Altera MegaCore Function License 
Agreement, or other applicable license agreement, including, 
without limitation, that your use is for the sole purpose of 
programming logic devices manufactured by Altera and sold by 
Altera or its authorized distributors.  Please refer to the 
applicable agreement for further details.



+---------------------------------------------------------------------------------+
; Analysis & Synthesis Summary                                                    ;
+------------------------------------+--------------------------------------------+
; Analysis & Synthesis Status        ; Successful - Wed May 17 14:33:10 2023      ;
; Quartus II 64-Bit Version          ; 13.1.0 Build 162 10/23/2013 SJ Web Edition ;
; Revision Name                      ; mcu                                        ;
; Top-level Entity Name              ; mcu                                        ;
; Family                             ; Cyclone III                                ;
; Total logic elements               ; 75                                         ;
;     Total combinational functions  ; 75                                         ;
;     Dedicated logic registers      ; 33                                         ;
; Total registers                    ; 33                                         ;
; Total pins                         ; 52                                         ;
; Total virtual pins                 ; 0                                          ;
; Total memory bits                  ; 0                                          ;
; Embedded Multiplier 9-bit elements ; 0                                          ;
; Total PLLs                         ; 0                                          ;
+------------------------------------+--------------------------------------------+


+----------------------------------------------------------------------------------------------------------------------+
; Analysis & Synthesis Settings                                                                                        ;
+----------------------------------------------------------------------------+--------------------+--------------------+
; Option                                                                     ; Setting            ; Default Value      ;
+----------------------------------------------------------------------------+--------------------+--------------------+
; Device                                                                     ; EP3C16F484C6       ;                    ;
; Top-level entity name                                                      ; mcu                ; mcu                ;
; Family name                                                                ; Cyclone III        ; Cyclone IV GX      ;
; Use smart compilation                                                      ; Off                ; Off                ;
; Enable parallel Assembler and TimeQuest Timing Analyzer during compilation ; On                 ; On                 ;
; Enable compact report table                                                ; Off                ; Off                ;
; Restructure Multiplexers                                                   ; Auto               ; Auto               ;
; Create Debugging Nodes for IP Cores                                        ; Off                ; Off                ;
; Preserve fewer node names                                                  ; On                 ; On                 ;
; Disable OpenCore Plus hardware evaluation                                  ; Off                ; Off                ;
; Verilog Version                                                            ; Verilog_2001       ; Verilog_2001       ;
; VHDL Version                                                               ; VHDL_1993          ; VHDL_1993          ;
; State Machine Processing                                                   ; Auto               ; Auto               ;
; Safe State Machine                                                         ; Off                ; Off                ;
; Extract Verilog State Machines                                             ; On                 ; On                 ;
; Extract VHDL State Machines                                                ; On                 ; On                 ;
; Ignore Verilog initial constructs                                          ; Off                ; Off                ;
; Iteration limit for constant Verilog loops                                 ; 5000               ; 5000               ;
; Iteration limit for non-constant Verilog loops                             ; 250                ; 250                ;
; Add Pass-Through Logic to Inferred RAMs                                    ; On                 ; On                 ;
; Infer RAMs from Raw Logic                                                  ; On                 ; On                 ;
; Parallel Synthesis                                                         ; On                 ; On                 ;
; DSP Block Balancing                                                        ; Auto               ; Auto               ;
; NOT Gate Push-Back                                                         ; On                 ; On                 ;
; Power-Up Don't Care                                                        ; On                 ; On                 ;
; Remove Redundant Logic Cells                                               ; Off                ; Off                ;
; Remove Duplicate Registers                                                 ; On                 ; On                 ;
; Ignore CARRY Buffers                                                       ; Off                ; Off                ;
; Ignore CASCADE Buffers                                                     ; Off                ; Off                ;
; Ignore GLOBAL Buffers                                                      ; Off                ; Off                ;
; Ignore ROW GLOBAL Buffers                                                  ; Off                ; Off                ;
; Ignore LCELL Buffers                                                       ; Off                ; Off                ;
; Ignore SOFT Buffers                                                        ; On                 ; On                 ;
; Limit AHDL Integers to 32 Bits                                             ; Off                ; Off                ;
; Optimization Technique                                                     ; Balanced           ; Balanced           ;
; Carry Chain Length                                                         ; 70                 ; 70                 ;
; Auto Carry Chains                                                          ; On                 ; On                 ;
; Auto Open-Drain Pins                                                       ; On                 ; On                 ;
; Perform WYSIWYG Primitive Resynthesis                                      ; Off                ; Off                ;
; Auto ROM Replacement                                                       ; On                 ; On                 ;
; Auto RAM Replacement                                                       ; On                 ; On                 ;
; Auto DSP Block Replacement                                                 ; On                 ; On                 ;
; Auto Shift Register Replacement                                            ; Auto               ; Auto               ;
; Allow Shift Register Merging across Hierarchies                            ; Auto               ; Auto               ;
; Auto Clock Enable Replacement                                              ; On                 ; On                 ;
; Strict RAM Replacement                                                     ; Off                ; Off                ;
; Allow Synchronous Control Signals                                          ; On                 ; On                 ;
; Force Use of Synchronous Clear Signals                                     ; Off                ; Off                ;
; Auto RAM Block Balancing                                                   ; On                 ; On                 ;
; Auto RAM to Logic Cell Conversion                                          ; Off                ; Off                ;
; Auto Resource Sharing                                                      ; Off                ; Off                ;
; Allow Any RAM Size For Recognition                                         ; Off                ; Off                ;
; Allow Any ROM Size For Recognition                                         ; Off                ; Off                ;
; Allow Any Shift Register Size For Recognition                              ; Off                ; Off                ;
; Use LogicLock Constraints during Resource Balancing                        ; On                 ; On                 ;
; Ignore translate_off and synthesis_off directives                          ; Off                ; Off                ;
; Timing-Driven Synthesis                                                    ; On                 ; On                 ;
; Report Parameter Settings                                                  ; On                 ; On                 ;
; Report Source Assignments                                                  ; On                 ; On                 ;
; Report Connectivity Checks                                                 ; On                 ; On                 ;
; Ignore Maximum Fan-Out Assignments                                         ; Off                ; Off                ;
; Synchronization Register Chain Length                                      ; 2                  ; 2                  ;
; PowerPlay Power Optimization                                               ; Normal compilation ; Normal compilation ;
; HDL message level                                                          ; Level2             ; Level2             ;
; Suppress Register Optimization Related Messages                            ; Off                ; Off                ;
; Number of Removed Registers Reported in Synthesis Report                   ; 5000               ; 5000               ;
; Number of Swept Nodes Reported in Synthesis Report                         ; 5000               ; 5000               ;
; Number of Inverted Registers Reported in Synthesis Report                  ; 100                ; 100                ;
; Clock MUX Protection                                                       ; On                 ; On                 ;
; Auto Gated Clock Conversion                                                ; Off                ; Off                ;
; Block Design Naming                                                        ; Auto               ; Auto               ;
; SDC constraint protection                                                  ; Off                ; Off                ;
; Synthesis Effort                                                           ; Auto               ; Auto               ;
; Shift Register Replacement - Allow Asynchronous Clear Signal               ; On                 ; On                 ;
; Pre-Mapping Resynthesis Optimization                                       ; Off                ; Off                ;
; Analysis & Synthesis Message Level                                         ; Medium             ; Medium             ;
; Disable Register Merging Across Hierarchies                                ; Auto               ; Auto               ;
; Resource Aware Inference For Block RAM                                     ; On                 ; On                 ;
; Synthesis Seed                                                             ; 1                  ; 1                  ;
+----------------------------------------------------------------------------+--------------------+--------------------+


Parallel compilation was disabled, but you have multiple processors available. Enable parallel compilation to reduce compilation time.
+-------------------------------------+
; Parallel Compilation                ;
+----------------------------+--------+
; Processors                 ; Number ;
+----------------------------+--------+
; Number detected on machine ; 8      ;
; Maximum allowed            ; 1      ;
+----------------------------+--------+


+---------------------------------------------------------------------------------------------------------------------------------------------------------------------------+
; Analysis & Synthesis Source Files Read                                                                                                                                    ;
+------------------------------------+-----------------+------------------------------+---------------------------------------------------------------------------+---------+
; File Name with User-Entered Path   ; Used in Netlist ; File Type                    ; File Name with Absolute Path                                              ; Library ;
+------------------------------------+-----------------+------------------------------+---------------------------------------------------------------------------+---------+
; design/components/timer_h.sv       ; yes             ; User SystemVerilog HDL File  ; C:/Users/user/Desktop/Verilog-Homework/design/components/timer_h.sv       ;         ;
; design/components/freg_div_23.sv   ; yes             ; User SystemVerilog HDL File  ; C:/Users/user/Desktop/Verilog-Homework/design/components/freg_div_23.sv   ;         ;
; design/components/unit_digit.sv    ; yes             ; User SystemVerilog HDL File  ; C:/Users/user/Desktop/Verilog-Homework/design/components/unit_digit.sv    ;         ;
; design/components/ten_digit.sv     ; yes             ; User SystemVerilog HDL File  ; C:/Users/user/Desktop/Verilog-Homework/design/components/ten_digit.sv     ;         ;
; design/components/dff_pos.sv       ; yes             ; User SystemVerilog HDL File  ; C:/Users/user/Desktop/Verilog-Homework/design/components/dff_pos.sv       ;         ;
; design/components/seven_segment.sv ; yes             ; User SystemVerilog HDL File  ; C:/Users/user/Desktop/Verilog-Homework/design/components/seven_segment.sv ;         ;
; design/mcu.sv                      ; yes             ; User SystemVerilog HDL File  ; C:/Users/user/Desktop/Verilog-Homework/design/mcu.sv                      ;         ;
+------------------------------------+-----------------+------------------------------+---------------------------------------------------------------------------+---------+


+------------------------------------------------------------+
; Analysis & Synthesis Resource Usage Summary                ;
+---------------------------------------------+--------------+
; Resource                                    ; Usage        ;
+---------------------------------------------+--------------+
; Estimated Total logic elements              ; 75           ;
;                                             ;              ;
; Total combinational functions               ; 75           ;
; Logic element usage by number of LUT inputs ;              ;
;     -- 4 input functions                    ; 26           ;
;     -- 3 input functions                    ; 25           ;
;     -- <=2 input functions                  ; 24           ;
;                                             ;              ;
; Logic elements by mode                      ;              ;
;     -- normal mode                          ; 58           ;
;     -- arithmetic mode                      ; 17           ;
;                                             ;              ;
; Total registers                             ; 33           ;
;     -- Dedicated logic registers            ; 33           ;
;     -- I/O registers                        ; 0            ;
;                                             ;              ;
; I/O pins                                    ; 52           ;
; Embedded Multiplier 9-bit elements          ; 0            ;
; Maximum fan-out node                        ; BTN[0]~input ;
; Maximum fan-out                             ; 22           ;
; Total fan-out                               ; 395          ;
; Average fan-out                             ; 1.86         ;
+---------------------------------------------+--------------+


+-----------------------------------------------------------------------------------------------------------------------------------------------------------------------------------------------------------------+
; Analysis & Synthesis Resource Utilization by Entity                                                                                                                                                             ;
+------------------------------+-------------------+--------------+-------------+--------------+---------+-----------+------+--------------+-------------------------------------------------------+--------------+
; Compilation Hierarchy Node   ; LC Combinationals ; LC Registers ; Memory Bits ; DSP Elements ; DSP 9x9 ; DSP 18x18 ; Pins ; Virtual Pins ; Full Hierarchy Name                                   ; Library Name ;
+------------------------------+-------------------+--------------+-------------+--------------+---------+-----------+------+--------------+-------------------------------------------------------+--------------+
; |mcu                         ; 75 (0)            ; 33 (0)       ; 0           ; 0            ; 0       ; 0         ; 52   ; 0            ; |mcu                                                  ; work         ;
;    |freg_div_23:fre_23|      ; 19 (19)           ; 19 (19)      ; 0           ; 0            ; 0       ; 0         ; 0    ; 0            ; |mcu|freg_div_23:fre_23                               ; work         ;
;    |seven_segment:s0|        ; 7 (7)             ; 0 (0)        ; 0           ; 0            ; 0       ; 0         ; 0    ; 0            ; |mcu|seven_segment:s0                                 ; work         ;
;    |seven_segment:s1|        ; 7 (7)             ; 0 (0)        ; 0           ; 0            ; 0       ; 0         ; 0    ; 0            ; |mcu|seven_segment:s1                                 ; work         ;
;    |seven_segment:s2|        ; 7 (7)             ; 0 (0)        ; 0           ; 0            ; 0       ; 0         ; 0    ; 0            ; |mcu|seven_segment:s2                                 ; work         ;
;    |seven_segment:s3|        ; 7 (7)             ; 0 (0)        ; 0           ; 0            ; 0       ; 0         ; 0    ; 0            ; |mcu|seven_segment:s3                                 ; work         ;
;    |timer_h:t1|              ; 28 (1)            ; 14 (0)       ; 0           ; 0            ; 0       ; 0         ; 0    ; 0            ; |mcu|timer_h:t1                                       ; work         ;
;       |ten_digit:hour_ten|   ; 4 (0)             ; 3 (0)        ; 0           ; 0            ; 0       ; 0         ; 0    ; 0            ; |mcu|timer_h:t1|ten_digit:hour_ten                    ; work         ;
;          |dff_pos:dff_posA|  ; 2 (2)             ; 1 (1)        ; 0           ; 0            ; 0       ; 0         ; 0    ; 0            ; |mcu|timer_h:t1|ten_digit:hour_ten|dff_pos:dff_posA   ; work         ;
;          |dff_pos:dff_posB|  ; 1 (1)             ; 1 (1)        ; 0           ; 0            ; 0       ; 0         ; 0    ; 0            ; |mcu|timer_h:t1|ten_digit:hour_ten|dff_pos:dff_posB   ; work         ;
;          |dff_pos:dff_posC|  ; 1 (1)             ; 1 (1)        ; 0           ; 0            ; 0       ; 0         ; 0    ; 0            ; |mcu|timer_h:t1|ten_digit:hour_ten|dff_pos:dff_posC   ; work         ;
;       |ten_digit:min_ten|    ; 6 (2)             ; 3 (0)        ; 0           ; 0            ; 0       ; 0         ; 0    ; 0            ; |mcu|timer_h:t1|ten_digit:min_ten                     ; work         ;
;          |dff_pos:dff_posA|  ; 2 (2)             ; 1 (1)        ; 0           ; 0            ; 0       ; 0         ; 0    ; 0            ; |mcu|timer_h:t1|ten_digit:min_ten|dff_pos:dff_posA    ; work         ;
;          |dff_pos:dff_posB|  ; 1 (1)             ; 1 (1)        ; 0           ; 0            ; 0       ; 0         ; 0    ; 0            ; |mcu|timer_h:t1|ten_digit:min_ten|dff_pos:dff_posB    ; work         ;
;          |dff_pos:dff_posC|  ; 1 (1)             ; 1 (1)        ; 0           ; 0            ; 0       ; 0         ; 0    ; 0            ; |mcu|timer_h:t1|ten_digit:min_ten|dff_pos:dff_posC    ; work         ;
;       |unit_digit:hour_unit| ; 11 (3)            ; 4 (0)        ; 0           ; 0            ; 0       ; 0         ; 0    ; 0            ; |mcu|timer_h:t1|unit_digit:hour_unit                  ; work         ;
;          |dff_pos:dff_posA|  ; 3 (3)             ; 1 (1)        ; 0           ; 0            ; 0       ; 0         ; 0    ; 0            ; |mcu|timer_h:t1|unit_digit:hour_unit|dff_pos:dff_posA ; work         ;
;          |dff_pos:dff_posB|  ; 3 (3)             ; 1 (1)        ; 0           ; 0            ; 0       ; 0         ; 0    ; 0            ; |mcu|timer_h:t1|unit_digit:hour_unit|dff_pos:dff_posB ; work         ;
;          |dff_pos:dff_posC|  ; 1 (1)             ; 1 (1)        ; 0           ; 0            ; 0       ; 0         ; 0    ; 0            ; |mcu|timer_h:t1|unit_digit:hour_unit|dff_pos:dff_posC ; work         ;
;          |dff_pos:dff_posD|  ; 1 (1)             ; 1 (1)        ; 0           ; 0            ; 0       ; 0         ; 0    ; 0            ; |mcu|timer_h:t1|unit_digit:hour_unit|dff_pos:dff_posD ; work         ;
;       |unit_digit:min_unit|  ; 6 (1)             ; 4 (0)        ; 0           ; 0            ; 0       ; 0         ; 0    ; 0            ; |mcu|timer_h:t1|unit_digit:min_unit                   ; work         ;
;          |dff_pos:dff_posA|  ; 1 (1)             ; 1 (1)        ; 0           ; 0            ; 0       ; 0         ; 0    ; 0            ; |mcu|timer_h:t1|unit_digit:min_unit|dff_pos:dff_posA  ; work         ;
;          |dff_pos:dff_posB|  ; 1 (1)             ; 1 (1)        ; 0           ; 0            ; 0       ; 0         ; 0    ; 0            ; |mcu|timer_h:t1|unit_digit:min_unit|dff_pos:dff_posB  ; work         ;
;          |dff_pos:dff_posC|  ; 2 (2)             ; 1 (1)        ; 0           ; 0            ; 0       ; 0         ; 0    ; 0            ; |mcu|timer_h:t1|unit_digit:min_unit|dff_pos:dff_posC  ; work         ;
;          |dff_pos:dff_posD|  ; 1 (1)             ; 1 (1)        ; 0           ; 0            ; 0       ; 0         ; 0    ; 0            ; |mcu|timer_h:t1|unit_digit:min_unit|dff_pos:dff_posD  ; work         ;
+------------------------------+-------------------+--------------+-------------+--------------+---------+-----------+------+--------------+-------------------------------------------------------+--------------+
Note: For table entries with two numbers listed, the numbers in parentheses indicate the number of resources of the given type used by the specific entity alone. The numbers listed outside of parentheses indicate the total resources of the given type used by the specific entity and all of its sub-entities in the hierarchy.


+-------------------------------------------------------------+
; Registers Removed During Synthesis                          ;
+----------------------------------------+--------------------+
; Register name                          ; Reason for Removal ;
+----------------------------------------+--------------------+
; freg_div_23:fre_23|q[19..31]           ; Lost fanout        ;
; Total Number of Removed Registers = 13 ;                    ;
+----------------------------------------+--------------------+


+------------------------------------------------------+
; General Register Statistics                          ;
+----------------------------------------------+-------+
; Statistic                                    ; Value ;
+----------------------------------------------+-------+
; Total registers                              ; 33    ;
; Number of registers using Synchronous Clear  ; 0     ;
; Number of registers using Synchronous Load   ; 0     ;
; Number of registers using Asynchronous Clear ; 19    ;
; Number of registers using Asynchronous Load  ; 0     ;
; Number of registers using Clock Enable       ; 6     ;
; Number of registers using Preset             ; 0     ;
+----------------------------------------------+-------+


+-----------------------------------------------------------------------------------------------------------------------------------------------------------------------+
; Multiplexer Restructuring Statistics (Restructuring Performed)                                                                                                        ;
+--------------------+-----------+---------------+----------------------+------------------------+------------+---------------------------------------------------------+
; Multiplexer Inputs ; Bus Width ; Baseline Area ; Area if Restructured ; Saving if Restructured ; Registered ; Example Multiplexer Output                              ;
+--------------------+-----------+---------------+----------------------+------------------------+------------+---------------------------------------------------------+
; 3:1                ; 2 bits    ; 4 LEs         ; 2 LEs                ; 2 LEs                  ; Yes        ; |mcu|timer_h:t1|unit_digit:min_unit|dff_pos:dff_posC|q  ;
; 4:1                ; 2 bits    ; 4 LEs         ; 2 LEs                ; 2 LEs                  ; Yes        ; |mcu|timer_h:t1|ten_digit:min_ten|dff_pos:dff_posA|q    ;
; 4:1                ; 2 bits    ; 4 LEs         ; 2 LEs                ; 2 LEs                  ; Yes        ; |mcu|timer_h:t1|unit_digit:hour_unit|dff_pos:dff_posA|q ;
; 4:1                ; 2 bits    ; 4 LEs         ; 2 LEs                ; 2 LEs                  ; Yes        ; |mcu|timer_h:t1|ten_digit:hour_ten|dff_pos:dff_posA|q   ;
+--------------------+-----------+---------------+----------------------+------------------------+------------+---------------------------------------------------------+


+----------------------------------------------------------------------------------------------------------------------------------------------------------------------+
; Port Connectivity Checks: "seven_segment:s3"                                                                                                                         ;
+------+-------+----------+--------------------------------------------------------------------------------------------------------------------------------------------+
; Port ; Type  ; Severity ; Details                                                                                                                                    ;
+------+-------+----------+--------------------------------------------------------------------------------------------------------------------------------------------+
; in   ; Input ; Warning  ; Input port expression (3 bits) is smaller than the input port (4 bits) it drives.  Extra input bit(s) "in[3..3]" will be connected to GND. ;
+------+-------+----------+--------------------------------------------------------------------------------------------------------------------------------------------+


+----------------------------------------------------------------------------------------------------------------------------------------------------------------------+
; Port Connectivity Checks: "seven_segment:s1"                                                                                                                         ;
+------+-------+----------+--------------------------------------------------------------------------------------------------------------------------------------------+
; Port ; Type  ; Severity ; Details                                                                                                                                    ;
+------+-------+----------+--------------------------------------------------------------------------------------------------------------------------------------------+
; in   ; Input ; Warning  ; Input port expression (3 bits) is smaller than the input port (4 bits) it drives.  Extra input bit(s) "in[3..3]" will be connected to GND. ;
+------+-------+----------+--------------------------------------------------------------------------------------------------------------------------------------------+


+-----------------------------------------------------------------------------------------------------------------+
; Port Connectivity Checks: "timer_h:t1|ten_digit:hour_ten"                                                       ;
+-------+--------+----------+-------------------------------------------------------------------------------------+
; Port  ; Type   ; Severity ; Details                                                                             ;
+-------+--------+----------+-------------------------------------------------------------------------------------+
; carry ; Output ; Info     ; Connected to dangling logic. Logic that only feeds a dangling port will be removed. ;
+-------+--------+----------+-------------------------------------------------------------------------------------+


+------------------------------------------------------------+
; Port Connectivity Checks: "timer_h:t1|unit_digit:min_unit" ;
+------+-------+----------+----------------------------------+
; Port ; Type  ; Severity ; Details                          ;
+------+-------+----------+----------------------------------+
; c_in ; Input ; Info     ; Stuck at VCC                     ;
+------+-------+----------+----------------------------------+


+-------------------------------+
; Elapsed Time Per Partition    ;
+----------------+--------------+
; Partition Name ; Elapsed Time ;
+----------------+--------------+
; Top            ; 00:00:00     ;
+----------------+--------------+


+-------------------------------+
; Analysis & Synthesis Messages ;
+-------------------------------+
Info: *******************************************************************
Info: Running Quartus II 64-Bit Analysis & Synthesis
    Info: Version 13.1.0 Build 162 10/23/2013 SJ Web Edition
    Info: Processing started: Wed May 17 14:33:08 2023
Info: Command: quartus_map --read_settings_files=on --write_settings_files=off mcu -c mcu
Warning (20028): Parallel compilation is not licensed and has been disabled
Info (12021): Found 1 design units, including 1 entities, in source file design/components/timer_h.sv
    Info (12023): Found entity 1: timer_h
Info (12021): Found 1 design units, including 1 entities, in source file design/components/freg_div_23.sv
    Info (12023): Found entity 1: freg_div_23
Info (12021): Found 1 design units, including 1 entities, in source file design/components/unit_digit.sv
    Info (12023): Found entity 1: unit_digit
Info (12021): Found 1 design units, including 1 entities, in source file design/components/timer.sv
    Info (12023): Found entity 1: timer
Info (12021): Found 1 design units, including 1 entities, in source file design/components/ten_digit.sv
    Info (12023): Found entity 1: ten_digit
Info (12021): Found 1 design units, including 1 entities, in source file design/components/up_down_counter_4bits.sv
    Info (12023): Found entity 1: up_down_counter_4bits
Info (12021): Found 1 design units, including 1 entities, in source file design/components/multiplexer_4to1.sv
    Info (12023): Found entity 1: multiplexer_4to1
Info (12021): Found 1 design units, including 1 entities, in source file design/components/decoder_3to8.sv
    Info (12023): Found entity 1: decoder_3to8
Info (12021): Found 1 design units, including 1 entities, in source file design/components/add_sub_4bits.sv
    Info (12023): Found entity 1: add_sub_4bits
Info (12021): Found 1 design units, including 1 entities, in source file design/components/dff_pos.sv
    Info (12023): Found entity 1: dff_pos
Info (12021): Found 1 design units, including 1 entities, in source file design/components/seven_segment.sv
    Info (12023): Found entity 1: seven_segment
Info (12021): Found 1 design units, including 1 entities, in source file design/components/full_adder.sv
    Info (12023): Found entity 1: full_adder
Info (12021): Found 1 design units, including 1 entities, in source file design/mcu.sv
    Info (12023): Found entity 1: mcu
Info (12021): Found 1 design units, including 1 entities, in source file simulation/tb/test_counter.sv
    Info (12023): Found entity 1: test_counter
Info (12127): Elaborating entity "mcu" for the top level hierarchy
Warning (10034): Output port "LED" at mcu.sv(18) has no driver
Info (12128): Elaborating entity "freg_div_23" for hierarchy "freg_div_23:fre_23"
Info (12128): Elaborating entity "timer_h" for hierarchy "timer_h:t1"
Info (12128): Elaborating entity "unit_digit" for hierarchy "timer_h:t1|unit_digit:min_unit"
Info (12128): Elaborating entity "dff_pos" for hierarchy "timer_h:t1|unit_digit:min_unit|dff_pos:dff_posA"
Info (12128): Elaborating entity "ten_digit" for hierarchy "timer_h:t1|ten_digit:min_ten"
Info (12128): Elaborating entity "seven_segment" for hierarchy "seven_segment:s0"
Warning (12241): 2 hierarchies have connectivity warnings - see the Connectivity Checks report folder
Warning (13024): Output pins are stuck at VCC or GND
    Warning (13410): Pin "LED[0]" is stuck at GND
    Warning (13410): Pin "LED[1]" is stuck at GND
    Warning (13410): Pin "LED[2]" is stuck at GND
    Warning (13410): Pin "LED[3]" is stuck at GND
    Warning (13410): Pin "LED[4]" is stuck at GND
    Warning (13410): Pin "LED[5]" is stuck at GND
    Warning (13410): Pin "LED[6]" is stuck at GND
    Warning (13410): Pin "LED[7]" is stuck at GND
    Warning (13410): Pin "LED[8]" is stuck at GND
    Warning (13410): Pin "LED[9]" is stuck at GND
Info (286030): Timing-Driven Synthesis is running
Info (17049): 13 registers lost all their fanouts during netlist optimizations.
Info (16010): Generating hard_block partition "hard_block:auto_generated_inst"
    Info (16011): Adding 0 node(s), including 0 DDIO, 0 PLL, 0 transceiver and 0 LCELL
Warning (21074): Design contains 12 input pin(s) that do not drive logic
    Warning (15610): No output dependent on input pin "SW[0]"
    Warning (15610): No output dependent on input pin "SW[1]"
    Warning (15610): No output dependent on input pin "SW[2]"
    Warning (15610): No output dependent on input pin "SW[3]"
    Warning (15610): No output dependent on input pin "SW[4]"
    Warning (15610): No output dependent on input pin "SW[5]"
    Warning (15610): No output dependent on input pin "SW[6]"
    Warning (15610): No output dependent on input pin "SW[7]"
    Warning (15610): No output dependent on input pin "SW[8]"
    Warning (15610): No output dependent on input pin "SW[9]"
    Warning (15610): No output dependent on input pin "BTN[1]"
    Warning (15610): No output dependent on input pin "BTN[2]"
Info (21057): Implemented 127 device resources after synthesis - the final resource count might be different
    Info (21058): Implemented 14 input pins
    Info (21059): Implemented 38 output pins
    Info (21061): Implemented 75 logic cells
Info: Quartus II 64-Bit Analysis & Synthesis was successful. 0 errors, 27 warnings
    Info: Peak virtual memory: 4627 megabytes
    Info: Processing ended: Wed May 17 14:33:10 2023
    Info: Elapsed time: 00:00:02
    Info: Total CPU time (on all processors): 00:00:01


